<?xml version="1.0" encoding="UTF-8"?>
<testsuite xmlns:xsi="http://www.w3.org/2001/XMLSchema-instance" xsi:noNamespaceSchemaLocation="https://maven.apache.org/surefire/maven-surefire-plugin/xsd/surefire-test-report.xsd" version="3.0.2" name="com.amcclelland.ste_server.SteServerApplicationTests" time="12.465" tests="1" errors="0" skipped="0" failures="0">
  <properties>
[...]
</properties>
  <testcase name="contextLoads" classname="com.amcclelland.ste_server.SteServerApplicationTests" time="0.65">
    <system-out><![CDATA[12:50:25.384 [main] INFO org.springframework.test.context.support.AnnotationConfigContextLoaderUtils -- Could not detect default configuration classes for test class [com.amcclelland.ste_server.SteServerApplicationTests]: SteServerApplicationTests does not declare any static, non-private, non-final, nested classes annotated with @Configuration.
12:50:25.615 [main] INFO org.springframework.boot.test.context.SpringBootTestContextBootstrapper -- Found @SpringBootConfiguration com.amcclelland.ste_server.SteServerApplication for test class com.amcclelland.ste_server.SteServerApplicationTests

  .   ____          _            __ _ _
 /\\ / ___'_ __ _ _(_)_ __  __ _ \ \ \ \
( ( )\___ | '_ | '_| | '_ \/ _` | \ \ \ \
 \\/  ___)| |_)| | | | | || (_| |  ) ) ) )
  '  |____| .__|_| |_|_| |_\__, | / / / /
 =========|_|==============|___/=/_/_/_/

 :: Spring Boot ::                (v3.5.5)

2025-09-19T12:50:26.458+01:00  INFO 64293 --- [           main] c.a.s.SteServerApplicationTests          : Starting SteServerApplicationTests using Java 17.0.10 with PID 64293 (started by andrewmcclelland in /Users/andrewmcclelland/Documents/spotify-track-explorer/ste-server)
2025-09-19T12:50:26.461+01:00  INFO 64293 --- [           main] c.a.s.SteServerApplicationTests          : No active profile set, falling back to 1 default profile: "default"
2025-09-19T12:50:28.735+01:00  INFO 64293 --- [           main] .s.d.r.c.RepositoryConfigurationDelegate : Bootstrapping Spring Data JPA repositories in DEFAULT mode.
2025-09-19T12:50:28.948+01:00  INFO 64293 --- [           main] .s.d.r.c.RepositoryConfigurationDelegate : Finished Spring Data repository scanning in 196 ms. Found 2 JPA repository interfaces.
2025-09-19T12:50:30.825+01:00  INFO 64293 --- [           main] com.zaxxer.hikari.HikariDataSource       : HikariPool-1 - Starting...
2025-09-19T12:50:31.163+01:00  INFO 64293 --- [           main] com.zaxxer.hikari.pool.HikariPool        : HikariPool-1 - Added connection org.postgresql.jdbc.PgConnection@ff4b223
2025-09-19T12:50:31.166+01:00  INFO 64293 --- [           main] com.zaxxer.hikari.HikariDataSource       : HikariPool-1 - Start completed.
2025-09-19T12:50:31.231+01:00  INFO 64293 --- [           main] org.flywaydb.core.FlywayExecutor         : Database: jdbc:postgresql://localhost:5432/ste (PostgreSQL 16.9)
2025-09-19T12:50:31.313+01:00  INFO 64293 --- [           main] o.f.core.internal.command.DbValidate     : Successfully validated 2 migrations (execution time 00:00.047s)
2025-09-19T12:50:31.339+01:00  INFO 64293 --- [           main] o.f.core.internal.command.DbMigrate      : Current version of schema "public": 2
2025-09-19T12:50:31.343+01:00  INFO 64293 --- [           main] o.f.core.internal.command.DbMigrate      : Schema "public" is up to date. No migration necessary.
2025-09-19T12:50:31.578+01:00  INFO 64293 --- [           main] o.hibernate.jpa.internal.util.LogHelper  : HHH000204: Processing PersistenceUnitInfo [name: default]
2025-09-19T12:50:31.632+01:00  INFO 64293 --- [           main] org.hibernate.Version                    : HHH000412: Hibernate ORM core version 6.6.26.Final
2025-09-19T12:50:31.676+01:00  INFO 64293 --- [           main] o.h.c.internal.RegionFactoryInitiator    : HHH000026: Second-level cache disabled
2025-09-19T12:50:31.951+01:00  INFO 64293 --- [           main] o.s.o.j.p.SpringPersistenceUnitInfo      : No LoadTimeWeaver setup: ignoring JPA class transformer
2025-09-19T12:50:32.026+01:00  INFO 64293 --- [           main] org.hibernate.orm.connections.pooling    : HHH10001005: Database info:
	Database JDBC URL [Connecting through datasource 'HikariDataSource (HikariPool-1)']
	Database driver: undefined/unknown
	Database version: 16.9
	Autocommit mode: undefined/unknown
	Isolation level: undefined/unknown
	Minimum pool size: undefined/unknown
	Maximum pool size: undefined/unknown
2025-09-19T12:50:32.955+01:00  INFO 64293 --- [           main] o.h.e.t.j.p.i.JtaPlatformInitiator       : HHH000489: No JTA platform available (set 'hibernate.transaction.jta.platform' to enable JTA platform integration)
2025-09-19T12:50:33.009+01:00  INFO 64293 --- [           main] j.LocalContainerEntityManagerFactoryBean : Initialized JPA EntityManagerFactory for persistence unit 'default'
2025-09-19T12:50:33.884+01:00  INFO 64293 --- [           main] r$InitializeUserDetailsManagerConfigurer : Global AuthenticationManager configured with UserDetailsService bean with name userDetailsService
2025-09-19T12:50:35.660+01:00  INFO 64293 --- [           main] o.s.b.a.e.web.EndpointLinksResolver      : Exposing 1 endpoint beneath base path '/actuator'
2025-09-19T12:50:36.829+01:00  INFO 64293 --- [           main] c.a.s.SteServerApplicationTests          : Started SteServerApplicationTests in 11.01 seconds (process running for 12.71)
]]></system-out>
  </testcase>
</testsuite>